[    0.000000] Linux version 4.15.0-118-generic (buildd@lgw01-amd64-039) (gcc version 7.5.0 (Ubuntu 7.5.0-3ubuntu1~18.04)) #119-Ubuntu SMP Tue Sep 8 12:30:01 UTC 2020 (Ubuntu 4.15.0-118.119-generic 4.15.18)
[    0.000000] Command line: BOOT_IMAGE=/boot/vmlinuz-4.15.0-118-generic root=LABEL=cloudimg-rootfs ro console=tty1 console=ttyS0
[    0.000000] KERNEL supported cpus:
[    0.000000]   Intel GenuineIntel
[    0.000000]   AMD AuthenticAMD
[    0.000000]   Centaur CentaurHauls
[    0.000000] x86/fpu: Supporting XSAVE feature 0x001: 'x87 floating point registers'
[    0.000000] x86/fpu: Supporting XSAVE feature 0x002: 'SSE registers'
[    0.000000] x86/fpu: Supporting XSAVE feature 0x004: 'AVX registers'
[    0.000000] x86/fpu: xstate_offset[2]:  576, xstate_sizes[2]:  256
[    0.000000] x86/fpu: Enabled xstate features 0x7, context size is 832 bytes, using 'standard' format.
[    0.000000] e820: BIOS-provided physical RAM map:
[    0.000000] BIOS-e820: [mem 0x0000000000000000-0x000000000009fbff] usable
[    0.000000] BIOS-e820: [mem 0x000000000009fc00-0x000000000009ffff] reserved
[    0.000000] BIOS-e820: [mem 0x00000000000f0000-0x00000000000fffff] reserved
[    0.000000] BIOS-e820: [mem 0x0000000000100000-0x00000000dffeffff] usable
[    0.000000] BIOS-e820: [mem 0x00000000dfff0000-0x00000000dfffffff] ACPI data
[    0.000000] BIOS-e820: [mem 0x00000000fec00000-0x00000000fec00fff] reserved
[    0.000000] BIOS-e820: [mem 0x00000000fee00000-0x00000000fee00fff] reserved
[    0.000000] BIOS-e820: [mem 0x00000000fffc0000-0x00000000ffffffff] reserved
[    0.000000] BIOS-e820: [mem 0x0000000100000000-0x000000011fffffff] usable
[    0.000000] NX (Execute Disable) protection: active
[    0.000000] SMBIOS 2.5 present.
[    0.000000] DMI: innotek GmbH VirtualBox/VirtualBox, BIOS VirtualBox 12/01/2006
[    0.000000] Hypervisor detected: KVM
[    0.000000] e820: last_pfn = 0x120000 max_arch_pfn = 0x400000000
[    0.000000] MTRR: Disabled
[    0.000000] x86/PAT: MTRRs disabled, skipping PAT initialization too.
[    0.000000] CPU MTRRs all blank - virtualized system.
[    0.000000] x86/PAT: Configuration [0-7]: WB  WT  UC- UC  WB  WT  UC- UC  
[    0.000000] e820: last_pfn = 0xdfff0 max_arch_pfn = 0x400000000
[    0.000000] found SMP MP-table at [mem 0x0009fff0-0x0009ffff]
[    0.000000] Scanning 1 areas for low memory corruption
[    0.000000] RAMDISK: [mem 0x35a67000-0x36d2afff]
[    0.000000] ACPI: Early table checksum verification disabled
[    0.000000] ACPI: RSDP 0x00000000000E0000 000024 (v02 VBOX  )
[    0.000000] ACPI: XSDT 0x00000000DFFF0030 00003C (v01 VBOX   VBOXXSDT 00000001 ASL  00000061)
[    0.000000] ACPI: FACP 0x00000000DFFF00F0 0000F4 (v04 VBOX   VBOXFACP 00000001 ASL  00000061)
[    0.000000] ACPI: DSDT 0x00000000DFFF0470 002325 (v02 VBOX   VBOXBIOS 00000002 INTL 20100528)
[    0.000000] ACPI: FACS 0x00000000DFFF0200 000040
[    0.000000] ACPI: FACS 0x00000000DFFF0200 000040
[    0.000000] ACPI: APIC 0x00000000DFFF0240 00005C (v02 VBOX   VBOXAPIC 00000001 ASL  00000061)
[    0.000000] ACPI: SSDT 0x00000000DFFF02A0 0001CC (v01 VBOX   VBOXCPUT 00000002 INTL 20100528)
[    0.000000] No NUMA configuration found
[    0.000000] Faking a node at [mem 0x0000000000000000-0x000000011fffffff]
[    0.000000] NODE_DATA(0) allocated [mem 0x11ffd1000-0x11fffbfff]
[    0.000000] kvm-clock: cpu 0, msr 1:1ff50001, primary cpu clock
[    0.000000] kvm-clock: Using msrs 4b564d01 and 4b564d00
[    0.000000] kvm-clock: using sched offset of 3501963171 cycles
[    0.000000] clocksource: kvm-clock: mask: 0xffffffffffffffff max_cycles: 0x1cd42e4dffb, max_idle_ns: 881590591483 ns
[    0.000000] Zone ranges:
[    0.000000]   DMA      [mem 0x0000000000001000-0x0000000000ffffff]
[    0.000000]   DMA32    [mem 0x0000000001000000-0x00000000ffffffff]
[    0.000000]   Normal   [mem 0x0000000100000000-0x000000011fffffff]
[    0.000000]   Device   empty
[    0.000000] Movable zone start for each node
[    0.000000] Early memory node ranges
[    0.000000]   node   0: [mem 0x0000000000001000-0x000000000009efff]
[    0.000000]   node   0: [mem 0x0000000000100000-0x00000000dffeffff]
[    0.000000]   node   0: [mem 0x0000000100000000-0x000000011fffffff]
[    0.000000] Reserved but unavailable: 98 pages
[    0.000000] Initmem setup node 0 [mem 0x0000000000001000-0x000000011fffffff]
[    0.000000] ACPI: PM-Timer IO Port: 0x4008
[    0.000000] IOAPIC[0]: apic_id 2, version 32, address 0xfec00000, GSI 0-23
[    0.000000] ACPI: INT_SRC_OVR (bus 0 bus_irq 0 global_irq 2 dfl dfl)
[    0.000000] ACPI: INT_SRC_OVR (bus 0 bus_irq 9 global_irq 9 low level)
[    0.000000] Using ACPI (MADT) for SMP configuration information
[    0.000000] smpboot: Allowing 2 CPUs, 0 hotplug CPUs
[    0.000000] PM: Registered nosave memory: [mem 0x00000000-0x00000fff]
[    0.000000] PM: Registered nosave memory: [mem 0x0009f000-0x0009ffff]
[    0.000000] PM: Registered nosave memory: [mem 0x000a0000-0x000effff]
[    0.000000] PM: Registered nosave memory: [mem 0x000f0000-0x000fffff]
[    0.000000] PM: Registered nosave memory: [mem 0xdfff0000-0xdfffffff]
[    0.000000] PM: Registered nosave memory: [mem 0xe0000000-0xfebfffff]
[    0.000000] PM: Registered nosave memory: [mem 0xfec00000-0xfec00fff]
[    0.000000] PM: Registered nosave memory: [mem 0xfec01000-0xfedfffff]
[    0.000000] PM: Registered nosave memory: [mem 0xfee00000-0xfee00fff]
[    0.000000] PM: Registered nosave memory: [mem 0xfee01000-0xfffbffff]
[    0.000000] PM: Registered nosave memory: [mem 0xfffc0000-0xffffffff]
[    0.000000] e820: [mem 0xe0000000-0xfebfffff] available for PCI devices
[    0.000000] Booting paravirtualized kernel on KVM
[    0.000000] clocksource: refined-jiffies: mask: 0xffffffff max_cycles: 0xffffffff, max_idle_ns: 7645519600211568 ns
[    0.000000] random: get_random_bytes called from start_kernel+0x99/0x500 with crng_init=0
[    0.000000] setup_percpu: NR_CPUS:8192 nr_cpumask_bits:2 nr_cpu_ids:2 nr_node_ids:1
[    0.000000] percpu: Embedded 45 pages/cpu s147456 r8192 d28672 u1048576
[    0.000000] PV qspinlock hash table entries: 256 (order: 0, 4096 bytes)
[    0.000000] Built 1 zonelists, mobility grouping on.  Total pages: 1032057
[    0.000000] Policy zone: Normal
[    0.000000] Kernel command line: BOOT_IMAGE=/boot/vmlinuz-4.15.0-118-generic root=LABEL=cloudimg-rootfs ro console=tty1 console=ttyS0
[    0.000000] Memory: 4013640K/4193848K available (12300K kernel code, 2482K rwdata, 4272K rodata, 2436K init, 2724K bss, 180208K reserved, 0K cma-reserved)
[    0.000000] SLUB: HWalign=64, Order=0-3, MinObjects=0, CPUs=2, Nodes=1
[    0.000000] Kernel/User page tables isolation: enabled
[    0.000000] ftrace: allocating 39396 entries in 154 pages
[    0.004000] Hierarchical RCU implementation.
[    0.004000] 	RCU restricting CPUs from NR_CPUS=8192 to nr_cpu_ids=2.
[    0.004000] 	Tasks RCU enabled.
[    0.004000] RCU: Adjusting geometry for rcu_fanout_leaf=16, nr_cpu_ids=2
[    0.004000] NR_IRQS: 524544, nr_irqs: 440, preallocated irqs: 16
[    0.004000] Console: colour VGA+ 80x25
[    0.004000] console [tty1] enabled
[    0.004000] console [ttyS0] enabled
[    0.004000] ACPI: Core revision 20170831
[    0.004000] ACPI: 2 ACPI AML tables successfully acquired and loaded
[    0.004000] APIC: Switch to symmetric I/O mode setup
[    0.004000] x2apic enabled
[    0.004000] Switched APIC routing to physical x2apic.
[    0.004000] ..TIMER: vector=0x30 apic1=0 pin1=2 apic2=-1 pin2=-1
[    0.004004] tsc: Detected 2303.998 MHz processor
[    0.008008] Calibrating delay loop (skipped) preset value.. 4607.99 BogoMIPS (lpj=9215992)
[    0.010031] pid_max: default: 32768 minimum: 301
[    0.011326] Security Framework initialized
[    0.012002] Yama: becoming mindful.
[    0.013012] AppArmor: AppArmor initialized
[    0.024118] Dentry cache hash table entries: 524288 (order: 10, 4194304 bytes)
[    0.028107] Inode-cache hash table entries: 262144 (order: 9, 2097152 bytes)
[    0.032017] Mount-cache hash table entries: 8192 (order: 4, 65536 bytes)
[    0.033207] Mountpoint-cache hash table entries: 8192 (order: 4, 65536 bytes)
[    0.036082] Last level iTLB entries: 4KB 64, 2MB 8, 4MB 8
[    0.037092] Last level dTLB entries: 4KB 64, 2MB 0, 4MB 0, 1GB 4
[    0.038225] Spectre V1 : Mitigation: usercopy/swapgs barriers and __user pointer sanitization
[    0.039942] Spectre V2 : Mitigation: Full generic retpoline
[    0.040001] Spectre V2 : Spectre v2 / SpectreRSB mitigation: Filling RSB on context switch
[    0.041513] Speculative Store Bypass: Vulnerable
[    0.042536] SRBDS: Unknown: Dependent on hypervisor status
[    0.044001] MDS: Mitigation: Clear CPU buffers
[    0.045021] Freeing SMP alternatives memory: 36K
[    0.156191] smpboot: CPU0: Intel(R) Core(TM) i5-8300H CPU @ 2.30GHz (family: 0x6, model: 0x9e, stepping: 0xa)
[    0.158876] Performance Events: unsupported p6 CPU model 158 no PMU driver, software events only.
[    0.160029] Hierarchical SRCU implementation.
[    0.161960] NMI watchdog: Perf event create on CPU 0 failed with -2
[    0.164001] NMI watchdog: Perf NMI watchdog permanently disabled
[    0.165036] smp: Bringing up secondary CPUs ...
[    0.168054] x86: Booting SMP configuration:
[    0.168809] .... node  #0, CPUs:      #1
[    0.004000] kvm-clock: cpu 1, msr 1:1ff50041, secondary cpu clock
[    0.174906] smp: Brought up 1 node, 2 CPUs
[    0.174906] smpboot: Max logical packages: 1
[    0.176004] smpboot: Total of 2 processors activated (9215.99 BogoMIPS)
[    0.177244] devtmpfs: initialized
[    0.177244] x86/mm: Memory block size: 128MB
[    0.177750] evm: security.selinux
[    0.180002] evm: security.SMACK64
[    0.180617] evm: security.SMACK64EXEC
[    0.181262] evm: security.SMACK64TRANSMUTE
[    0.181967] evm: security.SMACK64MMAP
[    0.182633] evm: security.apparmor
[    0.183258] evm: security.ima
[    0.184002] evm: security.capability
[    0.184663] clocksource: jiffies: mask: 0xffffffff max_cycles: 0xffffffff, max_idle_ns: 7645041785100000 ns
[    0.185626] futex hash table entries: 512 (order: 3, 32768 bytes)
[    0.186676] pinctrl core: initialized pinctrl subsystem
[    0.188085] RTC time: 13:13:28, date: 09/24/20
[    0.188976] NET: Registered protocol family 16
[    0.189802] audit: initializing netlink subsys (disabled)
[    0.190722] audit: type=2000 audit(1600953213.450:1): state=initialized audit_enabled=0 res=1
[    0.192008] cpuidle: using governor ladder
[    0.192731] cpuidle: using governor menu
[    0.193449] ACPI: bus type PCI registered
[    0.194210] acpiphp: ACPI Hot Plug PCI Controller Driver version: 0.5
[    0.196085] PCI: Using configuration type 1 for base access
[    0.197036] HugeTLB registered 2.00 MiB page size, pre-allocated 0 pages
[    0.200079] ACPI: Added _OSI(Module Device)
[    0.200802] ACPI: Added _OSI(Processor Device)
[    0.201604] ACPI: Added _OSI(3.0 _SCP Extensions)
[    0.202400] ACPI: Added _OSI(Processor Aggregator Device)
[    0.203342] ACPI: Added _OSI(Linux-Dell-Video)
[    0.204003] ACPI: Added _OSI(Linux-Lenovo-NV-HDMI-Audio)
[    0.204891] ACPI: Added _OSI(Linux-HPI-Hybrid-Graphics)
[    0.206069] ACPI: Executed 1 blocks of module-level executable AML code
[    0.210842] ACPI: Interpreter enabled
[    0.211556] ACPI: (supports S0 S5)
[    0.212000] ACPI: Using IOAPIC for interrupt routing
[    0.212240] PCI: Using host bridge windows from ACPI; if necessary, use "pci=nocrs" and report a bug
[    0.213928] ACPI: Enabled 2 GPEs in block 00 to 07
[    0.222028] ACPI: PCI Root Bridge [PCI0] (domain 0000 [bus 00-ff])
[    0.223162] acpi PNP0A03:00: _OSC: OS supports [ASPM ClockPM Segments MSI]
[    0.224000] acpi PNP0A03:00: _OSC: not requesting OS control; OS requires [ExtendedConfig ASPM ClockPM MSI]
[    0.224010] acpi PNP0A03:00: fail to add MMCONFIG information, can't access extended PCI configuration space under this bridge.
[    0.228375] PCI host bridge to bus 0000:00
[    0.229283] pci_bus 0000:00: root bus resource [io  0x0000-0x0cf7 window]
[    0.232002] pci_bus 0000:00: root bus resource [io  0x0d00-0xffff window]
[    0.233213] pci_bus 0000:00: root bus resource [mem 0x000a0000-0x000bffff window]
[    0.234616] pci_bus 0000:00: root bus resource [mem 0xe0000000-0xfdffffff window]
[    0.236003] pci_bus 0000:00: root bus resource [bus 00-ff]
[    0.239157] pci 0000:00:01.1: legacy IDE quirk: reg 0x10: [io  0x01f0-0x01f7]
[    0.240003] pci 0000:00:01.1: legacy IDE quirk: reg 0x14: [io  0x03f6]
[    0.241190] pci 0000:00:01.1: legacy IDE quirk: reg 0x18: [io  0x0170-0x0177]
[    0.242671] pci 0000:00:01.1: legacy IDE quirk: reg 0x1c: [io  0x0376]
[    0.274840] pci 0000:00:07.0: quirk: [io  0x4000-0x403f] claimed by PIIX4 ACPI
[    0.276013] pci 0000:00:07.0: quirk: [io  0x4100-0x410f] claimed by PIIX4 SMB
[    0.297681] ACPI: PCI Interrupt Link [LNKA] (IRQs 5 9 10 *11)
[    0.299200] ACPI: PCI Interrupt Link [LNKB] (IRQs 5 9 *10 11)
[    0.300115] ACPI: PCI Interrupt Link [LNKC] (IRQs 5 *9 10 11)
[    0.301302] ACPI: PCI Interrupt Link [LNKD] (IRQs 5 9 10 *11)
[    0.302804] SCSI subsystem initialized
[    0.304032] pci 0000:00:02.0: vgaarb: setting as boot VGA device
[    0.305102] pci 0000:00:02.0: vgaarb: VGA device added: decodes=io+mem,owns=io+mem,locks=none
[    0.306704] pci 0000:00:02.0: vgaarb: bridge control possible
[    0.308010] vgaarb: loaded
[    0.308607] ACPI: bus type USB registered
[    0.309378] usbcore: registered new interface driver usbfs
[    0.310376] usbcore: registered new interface driver hub
[    0.311393] usbcore: registered new device driver usb
[    0.312046] EDAC MC: Ver: 3.0.0
[    0.312870] PCI: Using ACPI for IRQ routing
[    0.313124] NetLabel: Initializing
[    0.313845] NetLabel:  domain hash size = 128
[    0.316002] NetLabel:  protocols = UNLABELED CIPSOv4 CALIPSO
[    0.317047] NetLabel:  unlabeled traffic allowed by default
[    0.318078] clocksource: Switched to clocksource kvm-clock
[    0.341564] VFS: Disk quotas dquot_6.6.0
[    0.342413] VFS: Dquot-cache hash table entries: 512 (order 0, 4096 bytes)
[    0.343748] AppArmor: AppArmor Filesystem Enabled
[    0.344714] pnp: PnP ACPI init
[    0.346357] pnp: PnP ACPI: found 3 devices
[    0.361159] clocksource: acpi_pm: mask: 0xffffff max_cycles: 0xffffff, max_idle_ns: 2085701024 ns
[    0.362831] NET: Registered protocol family 2
[    0.363928] TCP established hash table entries: 32768 (order: 6, 262144 bytes)
[    0.365378] TCP bind hash table entries: 32768 (order: 7, 524288 bytes)
[    0.366624] TCP: Hash tables configured (established 32768 bind 32768)
[    0.367845] UDP hash table entries: 2048 (order: 4, 65536 bytes)
[    0.369097] UDP-Lite hash table entries: 2048 (order: 4, 65536 bytes)
[    0.370551] NET: Registered protocol family 1
[    0.371369] pci 0000:00:00.0: Limiting direct PCI/PCI transfers
[    0.372607] pci 0000:00:01.0: Activating ISA DMA hang workarounds
[    0.373823] pci 0000:00:02.0: Video device with shadowed ROM at [mem 0x000c0000-0x000dffff]
[    0.375485] Unpacking initramfs...
[    0.736880] Freeing initrd memory: 19216K
[    0.737695] PCI-DMA: Using software bounce buffering for IO (SWIOTLB)
[    0.739041] software IO TLB: mapped [mem 0xdbff0000-0xdfff0000] (64MB)
[    0.740462] clocksource: tsc: mask: 0xffffffffffffffff max_cycles: 0x2135f5e6f15, max_idle_ns: 440795231538 ns
[    0.742388] platform rtc_cmos: registered platform RTC device (no PNP device found)
[    0.743737] Scanning for low memory corruption every 60 seconds
[    0.745507] Initialise system trusted keyrings
[    0.746298] Key type blacklist registered
[    0.747140] workingset: timestamp_bits=36 max_order=20 bucket_order=0
[    0.755193] zbud: loaded
[    0.756229] squashfs: version 4.0 (2009/01/31) Phillip Lougher
[    0.757557] fuse init (API version 7.26)
[    0.761412] Key type asymmetric registered
[    0.762168] Asymmetric key parser 'x509' registered
[    0.763067] Block layer SCSI generic (bsg) driver version 0.4 loaded (major 246)
[    0.764497] io scheduler noop registered
[    0.765220] io scheduler deadline registered
[    0.766019] io scheduler cfq registered (default)
[    0.767127] ACPI: AC Adapter [AC] (on-line)
[    0.767947] input: Power Button as /devices/LNXSYSTM:00/LNXPWRBN:00/input/input0
[    0.769398] ACPI: Power Button [PWRF]
[    0.770254] input: Sleep Button as /devices/LNXSYSTM:00/LNXSLPBN:00/input/input1
[    0.771739] ACPI: Sleep Button [SLPF]
[    0.773566] ACPI: Battery Slot [BAT0] (battery present)
[    0.774728] Serial: 8250/16550 driver, 32 ports, IRQ sharing enabled
[    0.796719] 00:02: ttyS0 at I/O 0x3f8 (irq = 4, base_baud = 115200) is a 16550A
[    0.802352] Linux agpgart interface v0.103
[    0.811344] loop: module loaded
[    0.812720] scsi host0: ata_piix
[    0.813587] scsi host1: ata_piix
[    0.814278] ata1: PATA max UDMA/33 cmd 0x1f0 ctl 0x3f6 bmdma 0xd000 irq 14
[    0.815591] ata2: PATA max UDMA/33 cmd 0x170 ctl 0x376 bmdma 0xd008 irq 15
[    0.817259] libphy: Fixed MDIO Bus: probed
[    0.818191] tun: Universal TUN/TAP device driver, 1.6
[    0.819243] PPP generic driver version 2.4.2
[    0.820225] ehci_hcd: USB 2.0 'Enhanced' Host Controller (EHCI) Driver
[    0.821455] ehci-pci: EHCI PCI platform driver
[    0.822364] ehci-platform: EHCI generic platform driver
[    0.823390] ohci_hcd: USB 1.1 'Open' Host Controller (OHCI) Driver
[    0.824631] ohci-pci: OHCI PCI platform driver
[    0.825563] ohci-platform: OHCI generic platform driver
[    0.826557] uhci_hcd: USB Universal Host Controller Interface driver
[    0.827738] i8042: PNP: PS/2 Controller [PNP0303:PS2K,PNP0f03:PS2M] at 0x60,0x64 irq 1,12
[    0.829806] serio: i8042 KBD port at 0x60,0x64 irq 1
[    0.830764] serio: i8042 AUX port at 0x60,0x64 irq 12
[    0.831994] mousedev: PS/2 mouse device common for all mice
[    0.833667] rtc_cmos rtc_cmos: rtc core: registered rtc_cmos as rtc0
[    0.834979] rtc_cmos rtc_cmos: alarms up to one day, 114 bytes nvram
[    0.836228] i2c /dev entries driver
[    0.837043] input: AT Translated Set 2 keyboard as /devices/platform/i8042/serio0/input/input2
[    0.838760] device-mapper: uevent: version 1.0.3
[    0.839916] device-mapper: ioctl: 4.37.0-ioctl (2017-09-20) initialised: dm-devel@redhat.com
[    0.841760] ledtrig-cpu: registered to indicate activity on CPUs
[    0.843329] NET: Registered protocol family 10
[    0.847398] Segment Routing with IPv6
[    0.848245] NET: Registered protocol family 17
[    0.849268] Key type dns_resolver registered
[    0.850337] mce: Using 0 MCE banks
[    0.851049] RAS: Correctable Errors collector initialized.
[    0.852121] sched_clock: Marking stable (850313120, 0)->(1274259527, -423946407)
[    0.854120] registered taskstats version 1
[    0.854935] Loading compiled-in X.509 certificates
[    0.857734] Loaded X.509 cert 'Build time autogenerated kernel key: 12f2d460e247d21dc5d156478bb7d4abc0f5a070'
[    0.859663] zswap: loaded using pool lzo/zbud
[    0.863302] Key type big_key registered
[    0.864100] Key type trusted registered
[    0.866470] Key type encrypted registered
[    0.867302] AppArmor: AppArmor sha1 policy hashing enabled
[    0.868421] ima: No TPM chip found, activating TPM-bypass! (rc=-19)
[    0.869597] ima: Allocated hash algorithm: sha1
[    0.870571] evm: HMAC attrs: 0x1
[    0.871517]   Magic number: 4:369:231
[    0.872419] rtc_cmos rtc_cmos: setting system clock to 2020-09-24 13:13:28 UTC (1600953208)
[    0.874217] BIOS EDD facility v0.16 2004-Jun-25, 0 devices found
[    0.875245] EDD information not available.
[    1.001220] Freeing unused kernel image memory: 2436K
[    1.082019] Write protecting the kernel read-only data: 20480k
[    1.083648] Freeing unused kernel image memory: 2008K
[    1.084929] Freeing unused kernel image memory: 1872K
[    1.092408] x86/mm: Checked W+X mappings: passed, no W+X pages found.
[    1.093564] x86/mm: Checking user space page tables
[    1.101011] x86/mm: Checked W+X mappings: passed, no W+X pages found.
Loading, please wait...
starting version 237
[    1.177441] e1000: Intel(R) PRO/1000 Network Driver - version 7.3.21-k8-NAPI
[    1.178869] e1000: Copyright (c) 1999-2006 Intel Corporation.
[    1.181809] Fusion MPT base driver 3.04.20
[    1.182660] Copyright (c) 1999-2008 LSI Corporation
[    1.193257] Fusion MPT SPI Host driver 3.04.20
[    1.195992] AVX2 version of gcm_enc/dec engaged.
[    1.196964] AES CTR mode by8 optimization enabled
[    1.392149] input: ImExPS/2 Generic Explorer Mouse as /devices/platform/i8042/serio1/input/input4
[    1.764256] e1000 0000:00:03.0 eth0: (PCI:33MHz:32-bit) 02:9d:c8:d0:97:b6
[    1.765545] e1000 0000:00:03.0 eth0: Intel(R) PRO/1000 Network Connection
[    1.767625] mptbase: ioc0: Initiating bringup
[    2.315987] ioc0: LSI53C1030 A0: Capabilities={Initiator}
[    4.330208] scsi host2: ioc0: LSI53C1030 A0, FwRev=00000000h, Ports=1, MaxQ=256, IRQ=20
[    6.385055] scsi 2:0:0:0: Direct-Access     VBOX     HARDDISK         1.0  PQ: 0 ANSI: 5
[    7.086186] scsi target2:0:0: Beginning Domain Validation
[    7.144109] scsi target2:0:0: Domain Validation skipping write tests
[    7.145332] scsi target2:0:0: Ending Domain Validation
[    7.146474] scsi target2:0:0: asynchronous
[    7.148077] scsi 2:0:1:0: Direct-Access     VBOX     HARDDISK         1.0  PQ: 0 ANSI: 5
[    7.380626] scsi target2:0:1: Beginning Domain Validation
[    7.383504] random: fast init done
[    7.385349] scsi target2:0:1: Domain Validation skipping write tests
[    7.386447] scsi target2:0:1: Ending Domain Validation
[    7.387472] scsi target2:0:1: asynchronous
[    7.393013] random: systemd-udevd: uninitialized urandom read (16 bytes read)
[    7.393086] sd 2:0:0:0: Attached scsi generic sg0 type 0
[    7.394228] random: systemd-udevd: uninitialized urandom read (16 bytes read)
[    7.396200] sd 2:0:1:0: Attached scsi generic sg1 type 0
[    7.397441] random: systemd-udevd: uninitialized urandom read (16 bytes read)
[    7.399580] sd 2:0:0:0: [sda] 20971520 512-byte logical blocks: (10.7 GB/10.0 GiB)
[    7.401342] sd 2:0:1:0: [sdb] 20480 512-byte logical blocks: (10.5 MB/10.0 MiB)
[    7.402673] sd 2:0:0:0: [sda] Write Protect is off
[    7.403528] sd 2:0:1:0: [sdb] Write Protect is off
[    7.404966] sd 2:0:0:0: [sda] Incomplete mode parameter data
[    7.406215] sd 2:0:0:0: [sda] Assuming drive cache: write through
[    7.407515] sd 2:0:1:0: [sdb] Incomplete mode parameter data
[    7.408646] sd 2:0:1:0: [sdb] Assuming drive cache: write through
[    7.413688] e1000 0000:00:08.0 eth1: (PCI:33MHz:32-bit) 08:00:27:a0:c6:c3
[    7.415063] e1000 0000:00:08.0 eth1: Intel(R) PRO/1000 Network Connection
[    7.415117]  sda: sda1
[    7.418276] e1000 0000:00:08.0 enp0s8: renamed from eth1
[    7.420277] sd 2:0:0:0: [sda] Attached SCSI disk
[    7.421259] sd 2:0:1:0: [sdb] Attached SCSI disk
[    7.437059] e1000 0000:00:03.0 enp0s3: renamed from eth0
Begin: Loading essential drivers ... [    8.960015] raid6: sse2x1   gen() 12549 MB/s
[    9.008645] raid6: sse2x1   xor()  9397 MB/s
[    9.056469] raid6: sse2x2   gen() 15911 MB/s
[    9.104299] raid6: sse2x2   xor() 10278 MB/s
[    9.152138] raid6: sse2x4   gen() 13818 MB/s
[    9.200013] raid6: sse2x4   xor() 10695 MB/s
[    9.248782] raid6: avx2x1   gen() 22745 MB/s
[    9.296115] raid6: avx2x1   xor() 16951 MB/s
[    9.344026] raid6: avx2x2   gen() 29477 MB/s
[    9.392215] raid6: avx2x2   xor() 17237 MB/s
[    9.440036] raid6: avx2x4   gen() 33962 MB/s
[    9.488874] raid6: avx2x4   xor() 21670 MB/s
[    9.489776] raid6: using algorithm avx2x4 gen() 33962 MB/s
[    9.490880] raid6: .... xor() 21670 MB/s, rmw enabled
[    9.491922] raid6: using avx2x2 recovery algorithm
[    9.493907] xor: automatically using best checksumming function   avx       
[    9.496216] async_tx: api initialized (async)
done.
Begin: Running /scripts/init-premount ... done.
Begin: Mounting root file system ... Begin: Running /scripts/local-top ... done.
Begin: Running /scripts/local-premount ... [    9.534578] Btrfs loaded, crc32c=crc32c-intel
Scanning for Btrfs filesystems
done.
Warning: fsck not present, so skipping root file system
[    9.559220] EXT4-fs (sda1): mounted filesystem with ordered data mode. Opts: (null)
done.
Begin: Running /scripts/local-bottom ... done.
Begin: Running /scripts/init-bottom ... done.
[    9.688475] ip_tables: (C) 2000-2006 Netfilter Core Team
[    9.695983] systemd[1]: systemd 237 running in system mode. (+PAM +AUDIT +SELINUX +IMA +APPARMOR +SMACK +SYSVINIT +UTMP +LIBCRYPTSETUP +GCRYPT +GNUTLS +ACL +XZ +LZ4 +SECCOMP +BLKID +ELFUTILS +KMOD -IDN2 +IDN -PCRE2 default-hierarchy=hybrid)
[    9.699732] systemd[1]: Detected virtualization oracle.
[    9.700848] systemd[1]: Detected architecture x86-64.

Welcome to [1mUbuntu 18.04.5 LTS[0m!

[    9.716882] systemd[1]: Set hostname to <ubuntu>.
[    9.721304] systemd[1]: Initializing machine ID from random generator.
[    9.723127] systemd[1]: Installed transient /etc/machine-id file.
[    9.936648] systemd[1]: Reached target Swap.
[[0;32m  OK  [0m] Reached target Swap.
[    9.938204] systemd[1]: Reached target User and Group Name Lookups.
[[0;32m  OK  [0m] Reached target User and Group Name Lookups.
[    9.952601] systemd[1]: Started Forward Password Requests to Wall Directory Watch.
[[0;32m  OK  [0m] Started Forward Password Requests to Wall Directory Watch.
[    9.965573] systemd[1]: Created slice User and Session Slice.
[[0;32m  OK  [0m] Created slice User and Session Slice.
[[0;32m  OK  [0m] Created slice System Slice.
[[0;32m  OK  [0m] Listening on Device-mapper event daemon FIFOs.
[[0;32m  OK  [0m] Listening on Network Service Netlink Socket.
[[0;32m  OK  [0m] Created slice system-serial\x2dgetty.slice.
[[0;32m  OK  [0m] Listening on LVM2 poll daemon socket.
[[0;32m  OK  [0m] Listening on Syslog Socket.
[[0;32m  OK  [0m] Listening on Journal Socket (/dev/log).
[[0;32m  OK  [0m] Listening on /dev/initctl Compatibility Named Pipe.
[[0;32m  OK  [0m] Reached target System Time Synchronized.
[[0;32m  OK  [0m] Listening on udev Kernel Socket.
[[0;32m  OK  [0m] Listening on udev Control Socket.
[[0;32m  OK  [0m] Listening on Journal Audit Socket.
[[0;32m  OK  [0m] Listening on Journal Socket.
         Starting Load Kernel Modules...
         Starting udev Coldplug all Devices...
[   10.152748] Loading iSCSI transport class v2.0-870.
[   10.158637] iscsi: registered transport (tcp)
         Starting Journal Service...
         Starting Remount Root and Kernel File Systems...
         Mounting POSIX Message Queue File System...
         Mounting Kernel Debug File System...
         Starting Uncomplicated firewall...
         Mounting Huge Pages File System...
[[0;32m  OK  [0m] Set up automount Arbitrary Executab…rmats File System Automount Point.
[[0;32m  OK  [0m] Listening on LVM2 metadata daemon socket.
         Starting Monitoring of LVM2 mirrors…ng dmeventd or progress polling...
         Starting Set the console keyboard layout...
         Starting Create list of required st…ce nodes for the current kernel...
[[0;32m  OK  [0m] Reached target Slices.
[   10.248170] iscsi: registered transport (iser)
[[0;32m  OK  [0m] Started Journal Service.
[[0;32m  OK  [0m] Started Load Kernel Modules.
[[0;32m  OK  [0m] Mounted POSIX Message Queue File System.
[[0;32m  OK  [0m] Mounted Kernel Debug File System.
[[0;32m  OK  [0m] Started Uncomplicated firewall.
[[0;32m  OK  [0m] Mounted Huge Pages File System.
[[0;32m  OK  [0m] Started LVM2 metadata daemon.
         Mounting Kernel Configuration File System...
         Mounting FUSE Control File System...
         Starting Apply Kernel Variables...
[   10.303019] EXT4-fs (sda1): re-mounted. Opts: (null)
[[0;32m  OK  [0m] Started Create list of required sta…vice nodes for the current kernel.
[[0;32m  OK  [0m] Mounted Kernel Configuration File System.
[[0;32m  OK  [0m] Started Remount Root and Kernel File Systems.
[[0;32m  OK  [0m] Mounted FUSE Control File System.
         Starting Flush Journal to Persistent Storage...
         Starting Load/Save Random Seed...
         Starting Create Static Device Nodes in /dev...
[[0;32m  OK  [0m] Started udev Coldplug all Devices.
[[0;32m  OK  [0m] Started Apply Kernel Variables.
[[0;32m  OK  [0m] Started Load/Save Random Seed.
[[0;32m  OK  [0m] Started Monitoring of LVM2 mirrors,…sing dmeventd or progress polling.
[[0;32m  OK  [0m] Started Flush Journal to Persistent Storage.
[[0;32m  OK  [0m] Started Create Static Device Nodes in /dev.
         Starting udev Kernel Device Manager...
[[0;32m  OK  [0m] Started udev Kernel Device Manager.
[[0;32m  OK  [0m] Started Set the console keyboard layout.
[[0;32m  OK  [0m] Reached target Local File Systems (Pre).
[[0;32m  OK  [0m] Reached target Local File Systems.
         Starting Tell Plymouth To Write Out Runtime Data...
         Starting Set console font and keymap...
         Starting Commit a transient machine-id on disk...
         Starting Create Volatile Files and Directories...
         Starting ebtables ruleset management...
         Starting AppArmor initialization...
[[0;32m  OK  [0m] Started Dispatch Password Requests to Console Directory Watch.
[[0;32m  OK  [0m] Reached target Local Encrypted Volumes.
[[0;32m  OK  [0m] Started Tell Plymouth To Write Out Runtime Data.
[[0;32m  OK  [0m] Started Set console font and keymap.
[[0;32m  OK  [0m] Started Create Volatile Files and Directories.
         Starting Update UTMP about System Boot/Shutdown...
[[0;32m  OK  [0m] Started Commit a transient machine-id on disk.
[[0;32m  OK  [0m] Started Update UTMP about System Boot/Shutdown.
[[0;32m  OK  [0m] Started ebtables ruleset management.
[[0;32m  OK  [0m] Found device /dev/ttyS0.
[[0;32m  OK  [0m] Listening on Load/Save RF Kill Switch Status /dev/rfkill Watch.
[[0;32m  OK  [0m] Started AppArmor initialization.
         Starting Initial cloud-init job (pre-networking)...
         Starting Load AppArmor profiles managed internally by snapd...
[[0;32m  OK  [0m] Started Load AppArmor profiles managed internally by snapd.
[   13.399877] cloud-init[573]: Cloud-init v. 20.3-2-g371b392c-0ubuntu1~18.04.1 running 'init-local' at Thu, 24 Sep 2020 13:13:40 +0000. Up 12.99 seconds.
[[0;32m  OK  [0m] Started Initial cloud-init job (pre-networking).
[[0;32m  OK  [0m] Reached target Network (Pre).
         Starting Network Service...
[[0;32m  OK  [0m] Started Network Service.
         Starting Network Name Resolution...
         Starting Wait for Network to be Configured...
[[0;32m  OK  [0m] Started Network Name Resolution.
[[0;32m  OK  [0m] Reached target Network.
[[0;32m  OK  [0m] Reached target Host and Network Name Lookups.
[[0;32m  OK  [0m] Started Wait for Network to be Configured.
         Starting Initial cloud-init job (metadata service crawler)...
[   15.577191] cloud-init[722]: Cloud-init v. 20.3-2-g371b392c-0ubuntu1~18.04.1 running 'init' at Thu, 24 Sep 2020 13:13:43 +0000. Up 15.39 seconds.
[   15.578787] cloud-init[722]: ci-info: ++++++++++++++++++++++++++++++++++++++Net device info+++++++++++++++++++++++++++++++++++++++
[   15.579702] cloud-init[722]: ci-info: +--------+-------+----------------------------+---------------+--------+-------------------+
[   15.580720] cloud-init[722]: ci-info: | Device |   Up  |          Address           |      Mask     | Scope  |     Hw-Address    |
[   15.582067] cloud-init[722]: ci-info: +--------+-------+----------------------------+---------------+--------+-------------------+
[   15.583404] cloud-init[722]: ci-info: | enp0s3 |  True |         10.0.2.15          | 255.255.255.0 | global | 02:9d:c8:d0:97:b6 |
[   15.585691] cloud-init[722]: ci-info: | enp0s3 |  True | fe80::9d:c8ff:fed0:97b6/64 |       .       |  link  | 02:9d:c8:d0:97:b6 |
[   15.588227] cloud-init[722]: ci-info: | enp0s8 | False |             .              |       .       |   .    | 08:00:27:a0:c6:c3 |
[   15.604221] cloud-init[722]: ci-info: |   lo   |  True |         127.0.0.1          |   255.0.0.0   |  host  |         .         |
[   15.620206] cloud-init[722]: ci-info: |   lo   |  True |          ::1/128           |       .       |  host  |         .         |
[   15.621110] cloud-init[722]: ci-info: +--------+-------+----------------------------+---------------+--------+-------------------+
[   15.623108] cloud-init[722]: ci-info: ++++++++++++++++++++++++++++Route IPv4 info+++++++++++++++++++++++++++++
[   15.624817] cloud-init[722]: ci-info: +-------+-------------+----------+-----------------+-----------+-------+
[   15.626572] cloud-init[722]: ci-info: | Route | Destination | Gateway  |     Genmask     | Interface | Flags |
[   15.628395] cloud-init[722]: ci-info: +-------+-------------+----------+-----------------+-----------+-------+
[   15.640619] cloud-init[722]: ci-info: |   0   |   0.0.0.0   | 10.0.2.2 |     0.0.0.0     |   enp0s3  |   UG  |
[   15.652343] cloud-init[722]: ci-info: |   1   |   10.0.2.0  | 0.0.0.0  |  255.255.255.0  |   enp0s3  |   U   |
[   15.665030] cloud-init[722]: ci-info: |   2   |   10.0.2.2  | 0.0.0.0  | 255.255.255.255 |   enp0s3  |   UH  |
[   15.666668] cloud-init[722]: ci-info: +-------+-------------+----------+-----------------+-----------+-------+
[   15.668084] cloud-init[722]: ci-info: +++++++++++++++++++Route IPv6 info+++++++++++++++++++
[   15.680241] cloud-init[722]: ci-info: +-------+-------------+---------+-----------+-------+
[   15.681264] cloud-init[722]: ci-info: | Route | Destination | Gateway | Interface | Flags |
[   15.682239] cloud-init[722]: ci-info: +-------+-------------+---------+-----------+-------+
[   15.683268] cloud-init[722]: ci-info: |   1   |  fe80::/64  |    ::   |   enp0s3  |   U   |
[   15.684310] cloud-init[722]: ci-info: |   3   |    local    |    ::   |   enp0s3  |   U   |
[   15.696837] cloud-init[722]: ci-info: |   4   |   ff00::/8  |    ::   |   enp0s3  |   U   |
[   15.709424] cloud-init[722]: ci-info: +-------+-------------+---------+-----------+-------+
[   16.201376] cloud-init[722]: Generating public/private rsa key pair.
[   16.201942] cloud-init[722]: Your identification has been saved in /etc/ssh/ssh_host_rsa_key.
[   16.202536] cloud-init[722]: Your public key has been saved in /etc/ssh/ssh_host_rsa_key.pub.
[   16.203983] cloud-init[722]: The key fingerprint is:
[   16.204775] cloud-init[722]: SHA256:Sxn6phvk5/GnGtd/DsVhrgoVE16bGj/TpdWxA8OtXAM root@ubuntu-bionic
[   16.206230] cloud-init[722]: The key's randomart image is:
[   16.207099] cloud-init[722]: +---[RSA 2048]----+
[   16.207782] cloud-init[722]: |           ..Eo. |
[   16.208631] cloud-init[722]: |          . o.=++|
[   16.209495] cloud-init[722]: |        .  =.oo==|
[   16.210337] cloud-init[722]: |       . o  *o+++|
[   16.211217] cloud-init[722]: |      o S  o +.oo|
[   16.211877] cloud-init[722]: |     o o ...  +. |
[   16.212594] cloud-init[722]: |      o B.. ...  |
[   16.213252] cloud-init[722]: |       * =. o. ..|
[   16.213928] cloud-init[722]: |      o.o.o+  .o.|
[   16.214605] cloud-init[722]: +----[SHA256]-----+
[   16.215281] cloud-init[722]: Generating public/private dsa key pair.
[   16.216302] cloud-init[722]: Your identification has been saved in /etc/ssh/ssh_host_dsa_key.
[   16.232235] cloud-init[722]: Your public key has been saved in /etc/ssh/ssh_host_dsa_key.pub.
[   16.232843] cloud-init[722]: The key fingerprint is:
[   16.233219] cloud-init[722]: SHA256:vWxMZ4mnNr+ce6dLzWTgMXJRk1PDViCMeciJxRMm6c8 root@ubuntu-bionic
[   16.233875] cloud-init[722]: The key's randomart image is:
[   16.234284] cloud-init[722]: +---[DSA 1024]----+
[   16.234825] cloud-init[722]: |        .*+B. +=B|
[   16.235389] cloud-init[722]: |        ooO o. *o|
[   16.235924] cloud-init[722]: |       .   o. * .|
[   16.236495] cloud-init[722]: |        .. . = + |
[   16.237041] cloud-init[722]: |        So+ = . o|
[   16.237576] cloud-init[722]: |         +E*   = |
[   16.238156] cloud-init[722]: |          O   . o|
[   16.238731] cloud-init[722]: |         o + o. .|
[   16.248325] cloud-init[722]: |            *+o+ |
[   16.248894] cloud-init[722]: +----[SHA256]-----+
[   16.249450] cloud-init[722]: Generating public/private ecdsa key pair.
[   16.250093] cloud-init[722]: Your identification has been saved in /etc/ssh/ssh_host_ecdsa_key.
[   16.251097] cloud-init[722]: Your public key has been saved in /etc/ssh/ssh_host_ecdsa_key.pub.
[   16.252151] cloud-init[722]: The key fingerprint is:
[   16.252752] cloud-init[722]: SHA256:a+l3m00pmNy6Br2nl+3LTQ84cVUjFMvbfnamT6V8zlw root@ubuntu-bionic
[   16.253773] cloud-init[722]: The key's randomart image is:
[   16.254388] cloud-init[722]: +---[ECDSA 256]---+
[   16.255037] cloud-init[722]: |            .+...|
[   16.255586] cloud-init[722]: |            . o o|
[   16.256158] cloud-init[722]: |             o  .|
[   16.256730] cloud-init[722]: |              o. |
[   16.257281] cloud-init[722]: |        S.  .....|
[   16.257842] cloud-init[722]: |        .+.+ =.o.|
[   16.258391] cloud-init[722]: |        +.+.=o*.E|
[   16.272233] cloud-init[722]: |       o  +.=B.&=|
[[0;32m  OK  [0m] Started Initial cloud-init job (metadata service crawler).
[[0;32m  OK  [0m] Reached target System Initialization.
[   16.290890] cloud-init[722]: |        .o+*oo*oB|
[   16.312929] cloud-init[722]: +----[SHA256]-----+
[   16.313389] cloud-init[722]: Generating public/private ed25519 key pair.
[   16.313959] cloud-init[722]: Your identification has been saved in /etc/ssh/ssh_host_ed25519_key.
[   16.314666] cloud-init[722]: Your public key has been saved in /etc/ssh/ssh_host_ed25519_key.pub.
[   16.315379] cloud-init[722]: The key fingerprint is:
[   16.315879]          Starting LXD - unix socket.
cloud-init[722]: [[0;32m  OK  [0m] Started ACPI Events Check.
[[0;32m  OK  [0m] Started Discard unused blocks once a week.
[[0;32m  OK  [0m] Listening on Open-iSCSI iscsid Socket.
SHA256:zCjhyjaFspIxsnr7lcrd1VtYl48omshEqt13Do+OeJo root@ubuntu-bionic
         Starting Socket activation for snappy daemon.
[[0;32m  OK  [0m] Started Daily Cleanup of Temporary Directories.
[[0;32m  OK  [0m] Started Daily apt download activities.
[[0;32m  OK  [0m] Started Daily apt upgrade and clean activities.
[[0;32m  OK  [0m] Started Message of the Day.
[[0;32m  OK  [0m] Reached target Timers.
[[0;32m  OK  [0m] Listening on D-Bus System Message Bus Socket.
[[0;32m  OK  [0m] Listening on UUID daemon activation socket.
[[0;32m  OK  [0m] Reached target Paths.
[[0;32m  OK  [0m] Listening on ACPID Listen Socket.
[[0;32m  OK  [0m] Reached target Cloud-config availability.
[[0;32m  OK  [0m] Reached target Network is Online.
[   16.325051] cloud-init[722]: The key's randomart image is:
[   16.373284]          Starting Availability of block devices...
[[0;32m  OK  [0m] Reached target Remote File Systems (Pre).
[[0;32m  OK  [0m] Reached target Remote File Systems.
[[0;32m  OK  [0m] Listening on LXD - unix socket.
[[0;32m  OK  [0m] Listening on Socket activation for snappy daemon.
[[0;32m  OK  [0m] Reached target Sockets.
[[0;32m  OK  [0m] Reached target Basic System.
cloud-init[722]: +--[ED25519 256]--+
[   16.378927]          Starting LSB: Record successful boot for GRUB...
cloud-init[722]: |                 |[[0;32m  OK  [0m] Started irqbalance daemon.

[   16.380688] cloud-init[722]:          Starting Permit User Sessions...
         Starting Virtualbox guest utils...
         Starting Dispatcher daemon for systemd-networkd...
         Starting System Logging Service...
|                 |
         Starting Pollinate to seed the pseudo random number generator...
[   16.386748] cloud-init[722]: |    .            |
[   16.396378] [[0;32m  OK  [0m] Started Deferred execution scheduler.
cloud-init[722]: |   o . +        .|
         Starting LSB: automatic crash report generation...
[   16.398075] cloud-init[722]: |= . + o S     ...|
[   16.409422] [cloud-init[0;32m  OK  [0m[722]: ] |.O o + .   . + o.|Started FUSE filesystem for LXC.

[   16.420243] cloud-init[722]: |= = . + . o + o .|
[   16.432692] cloud-init[722]: |o..= X.+.B.. o   |
[   16.433346] cloud-init[722]: |..ooEo*o*oo .    |
[   16.433957] cloud-init[722]: +----[SHA256]-----+
         Starting Snap Daemon...
[[0;32m  OK  [0m] Started D-Bus System Message Bus.
         Starting Accounts Service...
         Starting Login Service...
[[0;32m  OK  [0m] Started Regular background program processing daemon.
         Starting LXD - container startup/shutdown...
[[0;32m  OK  [0m] Started System Logging Service.
[[0;32m  OK  [0m] Started Availability of block devices.
[[0;32m  OK  [0m] Started Permit User Sessions.
         Starting Terminate Plymouth Boot Screen...
         Starting Hold until boot process finishes up...
[[0;32m  OK  [0m] Started Hold until boot process finishes up.
[[0;32m  OK  [0m] Started Login Service.
[[0;32m  OK  [0m] Started Unattended Upgrades Shutdown.
[[0;32m  OK  [0m] Started Serial Getty on ttyS0.
         Starting Set console scheme...
[[0;32m  OK  [0m] Started Terminate Plymouth Boot Screen.
[[0;32m  OK  [0m] Started Set console scheme.
[[0;32m  OK  [0m] Created slice system-getty.slice.
[[0;32m  OK  [0m] Started Getty on tty1.
[[0;32m  OK  [0m] Reached target Login Prompts.
[[0;32m  OK  [0m] Started LSB: automatic crash report generation.
         Starting Authorization Manager...
[[0;32m  OK  [0m] Started LSB: Record successful boot for GRUB.
[[0;32m  OK  [0m] Started Virtualbox guest utils.
[[0;32m  OK  [0m] Started Authorization Manager.
[[0;32m  OK  [0m] Started Accounts Service.
[[0;32m  OK  [0m] Started LXD - container startup/shutdown.
[[0;32m  OK  [0m] Started Dispatcher daemon for systemd-networkd.
[[0;32m  OK  [0m] Started Snap Daemon.
         Starting Wait until snapd is fully seeded...
[[0;32m  OK  [0m] Started Pollinate to seed the pseudo random number generator.
         Starting OpenBSD Secure Shell server...
[[0;32m  OK  [0m] Started OpenBSD Secure Shell server.
[[0;32m  OK  [0m] Created slice User Slice of vagrant.
         Starting User Manager for UID 1000...
[[0;32m  OK  [0m] Started Session 1 of user vagrant.
[[0;32m  OK  [0m] Started User Manager for UID 1000.
[[0;32m  OK  [0m] Started Wait until snapd is fully seeded.
[[0;32m  OK  [0m] Reached target Multi-User System.
[[0;32m  OK  [0m] Reached target Graphical Interface.
         Starting Update UTMP about System Runlevel Changes...
         Starting Apply the settings specified in cloud-config...
[[0;32m  OK  [0m] Started Update UTMP about System Runlevel Changes.
[   22.147270] cloud-init[1432]: Cloud-init v. 20.3-2-g371b392c-0ubuntu1~18.04.1 running 'modules:config' at Thu, 24 Sep 2020 13:13:49 +0000. Up 21.54 seconds.
ci-info: no authorized SSH keys fingerprints found for user ubuntu.
<14>Sep 24 13:13:50 ec2: 
<14>Sep 24 13:13:50 ec2: #############################################################
<14>Sep 24 13:13:50 ec2: -----BEGIN SSH HOST KEY FINGERPRINTS-----
<14>Sep 24 13:13:50 ec2: 1024 SHA256:vWxMZ4mnNr+ce6dLzWTgMXJRk1PDViCMeciJxRMm6c8 root@ubuntu-bionic (DSA)
<14>Sep 24 13:13:50 ec2: 256 SHA256:a+l3m00pmNy6Br2nl+3LTQ84cVUjFMvbfnamT6V8zlw root@ubuntu-bionic (ECDSA)
<14>Sep 24 13:13:50 ec2: 256 SHA256:zCjhyjaFspIxsnr7lcrd1VtYl48omshEqt13Do+OeJo root@ubuntu-bionic (ED25519)
<14>Sep 24 13:13:50 ec2: 2048 SHA256:Sxn6phvk5/GnGtd/DsVhrgoVE16bGj/TpdWxA8OtXAM root@ubuntu-bionic (RSA)
<14>Sep 24 13:13:50 ec2: -----END SSH HOST KEY FINGERPRINTS-----
<14>Sep 24 13:13:50 ec2: #############################################################
-----BEGIN SSH HOST KEY KEYS-----
ecdsa-sha2-nistp256 AAAAE2VjZHNhLXNoYTItbmlzdHAyNTYAAAAIbmlzdHAyNTYAAABBBNlRfLTSHH+JpFluRPHBn3n2+wOUE5VwyFqa2HgFIDc+yqIZ9/U24x0K1G1zz0koMFzOtDp+7H3jwrzlDDKnOWo= root@ubuntu-bionic
ssh-ed25519 AAAAC3NzaC1lZDI1NTE5AAAAIKnP/02q32uLas956x9R2Ic711v650d2U5/nQS9yyvzb root@ubuntu-bionic
ssh-rsa AAAAB3NzaC1yc2EAAAADAQABAAABAQC3R6/f5Jx5DSsUi4SgZdfrLzfkqL8Lo8iCAzzUts7W4KyxMrWqGkq0+hiN1pp/1bQ5iUaLSJvUluMcUBUjkqjSubYc1WDUQD/m9A814cdgJaQAlDmFtuxcP8GB2G6AgB01CyZEJ0dDJ/HJC+XwqK1bDXo4vjUe91RdXsfcC+jnY4sQ+yyR+w8x8h/IxwnFWJso1z07fJqeiDUV1La5A5nJ4BG4FqwZ36UQFMKEOp3yzXOG7zH/GHeLfD0bX4FvtbJxU55TSRtAO6yxcn7VdIiPz3m+hSZZftyFUx42xk258vCg5+fIKawZ+o5qG0BpTHovcFn2zDYSYyrzwl9AKPUr root@ubuntu-bionic
-----END SSH HOST KEY KEYS-----

Ubuntu 18.04.5 LTS ubuntu-bionic ttyS0

ubuntu-bionic login: [   22.891682] cloud-init[1586]: Cloud-init v. 20.3-2-g371b392c-0ubuntu1~18.04.1 running 'modules:final' at Thu, 24 Sep 2020 13:13:50 +0000. Up 22.69 seconds.
[   22.891792] cloud-init[1586]: ci-info: no authorized SSH keys fingerprints found for user ubuntu.
[   22.892536] cloud-init[1586]: Cloud-init v. 20.3-2-g371b392c-0ubuntu1~18.04.1 finished at Thu, 24 Sep 2020 13:13:50 +0000. Datasource DataSourceNoCloud [seed=/dev/sdb][dsmode=net].  Up 22.88 seconds
         Stopping User Manager for UID 1000...
[[0;32m  OK  [0m] Stopped target Timers.
[[0;32m  OK  [0m] Stopped Daily Cleanup of Temporary Directories.
[[0;32m  OK  [0m] Stopped Message of the Day.
[[0;32m  OK  [0m] Stopped target Host and Network Name Lookups.
[[0;32m  OK  [0m] Closed Load/Save RF Kill Switch Status /dev/rfkill Watch.
[[0;32m  OK  [0m] Stopped target Graphical Interface.
         Stopping Authorization Manager...
[[0;32m  OK  [0m] Stopped Discard unused blocks once a week.
[[0;32m  OK  [0m] Stopped target Cloud-init target.
         Stopping Accounts Service...
[[0;32m  OK  [0m] Stopped Daily apt upgrade and clean activities.
[[0;32m  OK  [0m] Stopped Daily apt download activities.
[[0;32m  OK  [0m] Stopped target System Time Synchronized.
         Stopping Session 13 of user vagrant.
[[0;32m  OK  [0m] Stopped Execute cloud user/final scripts.
[[0;32m  OK  [0m] Stopped Apply the settings specified in cloud-config.
[[0;32m  OK  [0m] Stopped target Cloud-config availability.
[[0;32m  OK  [0m] Stopped target Multi-User System.
[[0;32m  OK  [0m] Stopped         Stopping LSB: automatic crash report generation...
         Stopping D-Bus System Message Bus...
         Stopping Docker Application Container Engine...
         Stopping LSB: Record successful boot for GRUB...
         Stopping Unattended Upgrades Shutdown...
         Stopping OpenBSD Secure Shell server...
[[0;32m  OK  [0m] Stopped Wait until snapd is fully seeded.
         Stopping Regular background program processing daemon...
         Stopping Dispatcher daemon for systemd-networkd...
         Stopping vboxadd-service.service...
         Stopping irqbalance daemon...
         Stopping System Logging Service...
         Stopping LXD - container startup/shutdown...
         Stopping Deferred execution scheduler...
         Stopping FUSE filesystem for LXC...
         Stopping Availability of block devices...
[[0;32m  OK  [0m] Unmounted /var/lib/lxcfs.
[[0;32m  OK  [0m] Stopped irqbalance daemon.
[[0;32m  OK  [0m] Stopped Dispatcher daemon for systemd-networkd.
[[0;32m  OK  [0m] Stopped System Logging Service.
[[0;32m  OK  [0m] Stopped Deferred execution scheduler.
[[0;32m  OK  [0m] Stopped Accounts Service.
[[0;32m  OK  [0m] Stopped Regular background program processing daemon.
[[0;32m  OK  [0m] Stopped Unattended Upgrades Shutdown.
[[0;32m  OK  [0m] Stopped Serial Getty on ttyS0.
[[0;32m  OK  [0m] Stopped Getty on tty1.
[[0;32m  OK  [0m] Stopped Authorization Manager.
[[0;32m  OK  [0m] Stopped OpenBSD Secure Shell server.
[[0;32m  OK  [0m] Stopped User Manager for UID 1000.
[[0;32m  OK  [0m] Stopped D-Bus System Message Bus.
[[0;32m  OK  [0m] Stopped vboxadd-service.service.
[[0;32m  OK  [0m] Stopped Session 13 of user vagrant.
[[0;32m  OK  [0m] Stopped FUSE filesystem for LXC.
[[0;32m  OK  [0m] Stopped Availability of block devices.
         Stopping vboxadd.service...
[[0;32m  OK  [0m] Removed slice User Slice of vagrant.
[[0;32m  OK  [0m] Removed slice system-getty.slice.
[[0;32m  OK  [0m] Removed slice system-serial\x2dgetty.slice.
         Stopping Permit User Sessions...
         Stopping Login Service...
[[0;32m  OK  [0m] Stopped LXD - container startup/shutdown.
[[0;32m  OK  [0m] Stopped LSB: Record successful boot for GRUB.
[[0;32m  OK  [0m] Stopped LSB: automatic crash report generation.
[[0;32m  OK  [0m] Stopped Permit User Sessions.
[[0;32m  OK  [0m] Stopped target Remote File Systems.
[[0;32m  OK  [0m] Stopped target Remote File Systems (Pre).
[[0;32m  OK  [0m] Stopped Login Service.
[[0;32m  OK  [0m] Stopped target User and Group Name Lookups.
[[0;32m  OK  [0m] Unmounted /vagrant.
[[0;32m  OK  [0m] Stopped vboxadd.service.
[[0m[0;31m*     [0m] A stop job is running for Docker Ap…n Container Engine (5s / no limit)[K[[0;1;31m*[0m[0;31m*    [0m] A stop job is running for Docker Ap…n Container Engine (5s / no limit)[K[[0;31m*[0;1;31m*[0m[0;31m*   [0m] A stop job is running for Docker Ap…n Container Engine (6s / no limit)[K[ [0;31m*[0;1;31m*[0m[0;31m*  [0m] A stop job is running for Docker Ap…n Container Engine (6s / no limit)[K[  [0;31m*[0;1;31m*[0m[0;31m* [0m] A stop job is running for Docker Ap…n Container Engine (7s / no limit)[K[   [0;31m*[0;1;31m*[0m[0;31m*[0m] A stop job is running for Docker Ap…n Container Engine (7s / no limit)[K[    [0;31m*[0;1;31m*[0m] A stop job is running for Docker Ap…n Container Engine (8s / no limit)[K[     [0;31m*[0m] A stop job is running for Docker Ap…n Container Engine (8s / no limit)[K[    [0;31m*[0;1;31m*[0m] A stop job is running for Docker Ap…n Container Engine (9s / no limit)[K[   [0;31m*[0;1;31m*[0m[0;31m*[0m] A stop job is running for Docker Ap…n Container Engine (9s / no limit)[K[  [0;31m*[0;1;31m*[0m[0;31m* [0m] A stop job is running for Docker Ap… Container Engine (10s / no limit)[K[[0;32m  OK  [0m] Unmounted /run/docker/netns/243e04c7d19f.
[[0;32m  OK  [0m] Unmounted /var/lib/docker/overlay2/…29ed86a8764fb0af4ca1c99d4e/merged.
[[0;32m  OK  [0m] Stopped Docker Application Container Engine.
[[0;32m  OK  [0m] Stopped target Network is Online.
         Stopping containerd container runtime...
[[0;32m  OK  [0m] Stopped containerd container runtime.
[[0;32m  OK  [0m] Stopped target Basic System.
[[0;32m  OK  [0m] Stopped target Paths.
[[0;32m  OK  [0m] Stopped ACPI Events Check.
[[0;32m  OK  [0m] Stopped target Sockets.
[[0;32m  OK  [0m] Closed Syslog Socket.
[[0;32m  OK  [0m] Closed Docker Socket for the API.
[[0;32m  OK  [0m] Closed ACPID Listen Socket.
[[0;32m  OK  [0m] Closed D-Bus System Message Bus Socket.
[[0;32m  OK  [0m] Closed Socket activation for snappy daemon.
[[0;32m  OK  [0m] Closed Open-iSCSI iscsid Socket.
[[0;32m  OK  [0m] Closed UUID daemon activation socket.
[[0;32m  OK  [0m] Closed LXD - unix socket.
[[0;32m  OK  [0m] Stopped target Slices.
[[0;32m  OK  [0m] Removed slice User and Session Slice.
[[0;32m  OK  [0m] Stopped target Network.
         Stopping Network Name Resolution...
[[0;32m  OK  [0m] Stopped target System Initialization.
[[0;32m  OK  [0m] Stopped target Local Encrypted Volumes.
[[0;32m  OK  [0m] Stopped Forward Password Requests to Wall Directory Watch.
[[0;32m  OK  [0m] Stopped Dispatch Password Requests to Console Directory Watch.
[[0;32m  OK  [0m] Stopped Initial cloud-init job (metadata service crawler).
         Stopping Load/Save Random Seed...
         Stopping Update UTMP about System Boot/Shutdown...
[[0;32m  OK  [0m] Stopped Commit a transient machine-id on disk.
[[0;32m  OK  [0m] Stopped Network Name Resolution.
[[0;32m  OK  [0m] Stopped Load/Save Random Seed.
         Stopping Network Service...
[[0;32m  OK  [0m] Stopped Update UTMP about System Boot/Shutdown.
[[0;32m  OK  [0m] Stopped Create Volatile Files and Directories.
[[0;32m  OK  [0m] Stopped target Local File Systems.
         Unmounting /run/user/1000...
[[0;32m  OK  [0m] Unmounted /run/user/1000.
[[0;32m  OK  [0m] Reached target Unmount All Filesystems.
[[0;32m  OK  [0m] Stopped target Swap.
[[0;32m  OK  [0m] Stopped target Local File Systems (Pre).
         Stopping Monitoring of LVM2 mirrors…ng dmeventd or progress polling...
[[0;32m  OK  [0m] Stopped Create Static Device Nodes in /dev.
[[0;32m  OK  [0m] Stopped Network Service.
[[0;32m  OK  [0m] Stopped Monitoring of LVM2 mirrors,…sing dmeventd or progress polling.
         Stopping LVM2 metadata daemon...
[[0;32m  OK  [0m] Stopped Apply Kernel Variables.
[[0;32m  OK  [0m] Stopped Load Kernel Modules.
[[0;32m  OK  [0m] Stopped target Network (Pre).
[[0;32m  OK  [0m] Stopped Initial cloud-init job (pre-networking).
[[0;32m  OK  [0m] Stopped Remount Root and Kernel File Systems.
[[0;32m  OK  [0m] Reached target Shutdown.
[[0;32m  OK  [0m] Reached target Final Step.
         Starting Power-Off...
[[0;32m  OK  [0m] Stopped LVM2 metadata daemon.
[ 4332.712192] reboot: Power down
